<?xml version="1.0" encoding="UTF-8"?>
<!-- Generated by org.testng.reporters.JUnitReportReporter -->
<testsuite hostname="LAPTOP-NHMM4IQC" failures="0" tests="1" name="com.vcit.automation.TestLaunchChrome" time="5.644" errors="0" timestamp="2020-06-10T01:27:19 BST" skipped="0">
  <testcase classname="com.vcit.automation.TestLaunchChrome" name="testSearch" time="5.644"/>
  <system-out/>
</testsuite> <!-- com.vcit.automation.TestLaunchChrome -->
