<?xml version="1.0" encoding="UTF-8"?>
<!-- Generated by org.testng.reporters.JUnitReportReporter -->
<testsuite hostname="LAPTOP-NHMM4IQC" failures="0" tests="1" name="com.vcit.automation.TestCustomerRegistration" time="15.750" errors="0" timestamp="2020-06-12T20:26:08 BST" skipped="0">
  <testcase classname="com.vcit.automation.TestCustomerRegistration" name="testCheckOrder" time="15.750"/>
  <system-out/>
</testsuite> <!-- com.vcit.automation.TestCustomerRegistration -->
