<?xml version="1.0" encoding="UTF-8"?>
<!-- Generated by org.testng.reporters.JUnitReportReporter -->
<testsuite hostname="LAPTOP-NHMM4IQC" failures="0" tests="2" name="com.vcit.automation.TestLogin" time="12.045" errors="0" timestamp="2020-06-12T20:51:05 BST" skipped="0">
  <testcase classname="com.vcit.automation.TestLogin" name="testCustomerRegistrationWithValidEmail" time="7.550"/>
  <system-out/>
  <testcase classname="com.vcit.automation.TestLogin" name="testCustomerRegistrationWithInvalidEmail" time="4.495"/>
  <system-out/>
</testsuite> <!-- com.vcit.automation.TestLogin -->
