<?xml version="1.0" encoding="UTF-8"?>
<!-- Generated by org.testng.reporters.JUnitReportReporter -->
<testsuite hostname="LAPTOP-NHMM4IQC" failures="0" tests="1" name="com.vcit.automation.TestCheckOrder" time="12.100" errors="0" timestamp="2020-06-12T20:51:05 BST" skipped="0">
  <testcase classname="com.vcit.automation.TestCheckOrder" name="testCheckOrder" time="12.100"/>
  <system-out/>
</testsuite> <!-- com.vcit.automation.TestCheckOrder -->
